build/intermediates/manifest_merge_blame_file/debug/manifest-merger-blame-debug-report.txt
1<?xml version="1.0" encoding="utf-8"?>
2<manifest xmlns:android="http://schemas.android.com/apk/res/android"
3    package="com.example.screen_map" >
4
5    <uses-sdk
6        android:minSdkVersion="23"
6-->src/main/AndroidManifest.xml
7        android:targetSdkVersion="30" />
7-->src/main/AndroidManifest.xml
8
9    <uses-permission android:name="android.permission.ACCESS_COARSE_LOCATION" />
9-->src/main/AndroidManifest.xml:4:5-81
9-->src/main/AndroidManifest.xml:4:22-78
10    <uses-permission android:name="android.permission.ACCESS_FINE_LOCATION" />
10-->src/main/AndroidManifest.xml:5:5-79
10-->src/main/AndroidManifest.xml:5:22-76
11
12    <application
12-->src/main/AndroidManifest.xml:7:5-14:19
13        android:allowBackup="true"
13-->src/main/AndroidManifest.xml:8:9-35
14        android:supportsRtl="true"
14-->src/main/AndroidManifest.xml:9:9-35
15        android:theme="@style/AppTheme" >
15-->src/main/AndroidManifest.xml:10:9-40
16        <meta-data
16-->src/main/AndroidManifest.xml:11:9-13:55
17            android:name="com.google.android.geo.API_KEY"
17-->src/main/AndroidManifest.xml:12:13-58
18            android:value="@string/google_maps_key" />
18-->src/main/AndroidManifest.xml:13:13-52
19    </application>
20
21</manifest>